[kworker/2:2]  - 06:42
[kworker/4:0]  - 
[kworker/4:3]  - 
[kworker/u16:2]  - 24:17
[kworker/2:3]  - 05:21
[kworker/u16:0]  - 09:30
[firefox]  - 00:05
/opt/google/chrome/chrome  - 04:53
/opt/google/chrome/chrome  - 04:11
apt-cache  - 00:11
/usr/lib/firefox/firefox  - 00:22
ubuntu-webapps-update-index  - 00:20
/opt/google/chrome/chrome  - 20:07:40
/opt/google/chrome/chrome  - 20:07:40
/opt/google/chrome/chrome  - 20:07:40
/opt/google/chrome/chrome  - 20:07:39
/opt/google/chrome/chrome  - 20:07:39
/opt/google/chrome/chrome  - 20:07:39
/opt/google/chrome/chrome  - 20:07:39
/opt/google/chrome/chrome  - 20:07:35
/opt/google/chrome/chrome  - 03:41:49
/opt/google/chrome/chrome  - 03:11:51
/opt/google/chrome/chrome  - 02:55:42
/opt/google/chrome/chrome  - 01:55:49
/opt/google/chrome/chrome  - 20:07:55
cat  - 20:07:53
cat  - 20:07:53
/opt/google/chrome/chrome  - 20:07:50
/opt/google/chrome/nacl_helper  - 20:07:50
/opt/google/chrome/chrome  - 20:07:50
[chrome]  - 20:07:43
[chrome]  - 20:07:43
[chrome]  - 20:07:43
[chrome]  - 20:07:42
[chrome]  - 20:07:42
[chrome]  - 20:07:42
[chrome]  - 20:07:42
[chrome]  - 03:11:54
[chrome]  - 02:55:45
[chrome]  - 01:55:52
/usr/bin/vlc  - 00:48
[kworker/6:2]  - 04:58
codeblocks  - 00:16
[kworker/3:1]  - 04:57
[chrome]  - 00:01
[kworker/7:0]  - 05:01
/opt/google/chrome/chrome  - 00:11
/opt/google/chrome/chrome  - 00:02
/opt/google/chrome/chrome  - 00:07
[kworker/0:3]  - 11:35
[kworker/5:2]  - 05:00
[chrome]  - 00:03
/opt/google/chrome/chrome  - 00:36
/opt/google/chrome/chrome  - 00:14
/opt/google/chrome/chrome  - 00:55
/opt/google/chrome/chrome  - 00:30
/opt/google/chrome/chrome  - 01:33
[kworker/u16:1]  - 19:39
/opt/google/chrome/chrome  - 00:15
/opt/google/chrome/chrome  - 01:57
/opt/google/chrome/chrome  - 02:04
[chrome]  - 02:00
[kworker/4:0]  - 06:27
[kworker/4:3]  - 04:59
/opt/google/chrome/chrome  - 00:58
[kworker/2:0]  - 02:37:19
[kworker/2:1]  - 40:55
[kworker/2:2]  - 07:16
[kworker/2:3]  - 06:32
[kworker/2:4]  - 05:00
[kworker/2:5]  - 05:00
[kworker/2:9]  - 05:00
[kworker/6:2]  - 05:58
[kworker/1:2]  - 04:58
[kworker/3:1]  - 05:36
[kworker/3:3]  - 05:00
[kworker/0:1]  - 01:40:27
[kworker/1:3]  - 04:32:55
[kworker/7:3]  - 04:57
[kworker/7:2]  - 01:10:12
/opt/google/chrome/chrome  - 00:17
/opt/google/chrome/chrome  - 00:14
[kworker/u16:0]  - 10:01
[kworker/4:0]  - 05:07
[kworker/5:2]  - 07:20
[kworker/5:3]  - 05:00
[sublime_text]  - 
/opt/sublime_text/sublime_text  - 00:00
tail  - 13:13
tail  - 00:46
tail  - 00:06
[kworker/2:0]  - 04:59
[kworker/2:6]  - 12:01
[kworker/3:1]  - 05:00
[kworker/0:3]  - 10:03
/opt/google/chrome/chrome  - 00:16
/opt/google/chrome/chrome  - 00:27
[kworker/4:3]  - 08:40
[kworker/1:2]  - 05:00
[kworker/7:2]  - 04:58
[kworker/6:3]  - 11:34
/opt/google/chrome/chrome  - 00:14
/opt/google/chrome/chrome  - 00:20
[kworker/5:2]  - 04:57
cat  - 00:01
/opt/google/chrome/chrome  - 00:21
[chrome]  - 00:24
/opt/google/chrome/chrome  - 00:27
/opt/google/chrome/chrome  - 00:39
/opt/google/chrome/chrome  - 00:32
/opt/google/chrome/chrome  - 02:33
[kworker/2:0]  - 05:10
[kworker/3:1]  - 04:58
bash  - 00:00
apt-cache  - 00:00
/opt/google/chrome/chrome  - 00:12
[chrome]  - 00:15
[kworker/1:2]  - 04:58
/opt/google/chrome/chrome  - 00:35
/opt/google/chrome/chrome  - 00:43
[chrome]  - 00:46
[kworker/u16:1]  - 15:30
[kworker/4:0]  - 05:46
[kworker/0:4]  - 04:59
[kworker/0:2]  - 21:27
[kworker/6:2]  - 10:53
/opt/google/chrome/chrome  - 00:16
/opt/google/chrome/chrome  - 00:14
[chrome]  - 00:19
/opt/google/chrome/chrome  - 00:12
/opt/google/chrome/chrome  - 00:30
/opt/google/chrome/chrome  - 00:13
/opt/google/chrome/chrome  - 00:14
[kworker/3:1]  - 04:59
[kworker/7:2]  - 09:41
[kworker/1:2]  - 04:58
[kworker/2:1]  - 11:03
/opt/google/chrome/chrome  - 02:55
[kworker/4:3]  - 10:01
[kworker/0:0]  - 40:44
tail  - 03:33
/opt/google/chrome/chrome  - 03:11
/opt/google/chrome/chrome  - 00:18
[kworker/5:2]  - 09:24
[kworker/5:3]  - 04:59
tail  - 00:10
[kworker/6:3]  - 10:25
rhythmbox  - 00:15
/lib/systemd/systemd-hostnamed  - 00:29
/opt/google/chrome/chrome  - 00:13
/opt/google/chrome/chrome  - 00:14
dpkg-query  - 00:00
grep  - 00:00
unity-control-center  - 00:05
[kworker/3:1]  - 04:59
/usr/lib/libreoffice/program/oosplash  - 00:07
/usr/lib/libreoffice/program/soffice.bin  - 00:07
[kworker/7:2]  - 04:59
[kworker/7:1]  - 02:01:07
[kworker/u16:3]  - 35:41
[kworker/0:2]  - 10:06
/opt/google/chrome/chrome  - 00:29
/opt/google/chrome/chrome  - 00:14
[kworker/6:2]  - 10:42
/opt/google/chrome/chrome  - 00:39
[kworker/1:2]  - 07:32
[kworker/1:3]  - 04:59
[kworker/4:0]  - 12:30
/opt/google/chrome/chrome  - 02:51
/opt/google/chrome/chrome  - 00:50
/opt/google/chrome/chrome  - 03:00
locate  - 00:03
[kworker/5:2]  - 08:04
[kworker/5:3]  - 04:59
[kworker/3:1]  - 04:58
dpkg-query  - 
grep  - 
file-roller  - 00:15
[kworker/u16:2]  - 05:25
[kworker/0:0]  - 10:03
[kworker/2:0]  - 04:58
[sublime_text]  - 00:00
/opt/google/chrome/chrome  - 00:09
/opt/google/chrome/chrome  - 00:05
/opt/google/chrome/chrome  - 00:29
/opt/google/chrome/chrome  - 00:28
/opt/google/chrome/chrome  - 00:59
/opt/google/chrome/chrome  - 00:07
/opt/google/chrome/chrome  - 00:03
[kworker/7:1]  - 07:46
/opt/google/chrome/chrome  - 00:36
/opt/google/chrome/chrome  - 00:34
[kworker/6:3]  - 11:14
/opt/google/chrome/chrome  - 01:00
[sublime_text]  - 00:01
[kworker/4:3]  - 10:24
[kworker/3:1]  - 05:00
/opt/google/chrome/chrome  - 01:46
/opt/google/chrome/chrome  - 00:11
/opt/google/chrome/chrome  - 00:25
/opt/google/chrome/chrome  - 00:17
/opt/google/chrome/chrome  - 00:46
/opt/google/chrome/chrome  - 00:11
/opt/google/chrome/chrome  - 00:20
/opt/google/chrome/chrome  - 00:13
/opt/google/chrome/chrome  - 00:17
[chrome]  - 00:02
/opt/google/chrome/chrome  - 00:50
/opt/google/chrome/chrome  - 00:31
/opt/google/chrome/chrome  - 00:59
[kworker/2:1]  - 15:59
[kworker/5:2]  - 07:38
[kworker/1:2]  - 09:27
[kworker/1:3]  - 05:00
[kworker/u16:0]  - 31:50
[kworker/u16:1]  - 21:21
vim  - 00:19
/opt/google/chrome/chrome  - 00:12
[chrome]  - 00:15
/opt/google/chrome/chrome  - 00:14
[kworker/5:3]  - 05:26
/opt/google/chrome/chrome  - 01:34
/opt/google/chrome/chrome  - 00:08
/opt/google/chrome/chrome  - 00:20
/opt/google/chrome/chrome  - 00:27
[chrome]  - 00:30
/opt/google/chrome/chrome  - 00:21
/opt/google/chrome/chrome  - 00:16
/opt/google/chrome/chrome  - 00:57
/opt/google/chrome/chrome  - 00:21
/opt/google/chrome/chrome  - 00:29
sudo  - 00:03
apt-get  - 00:01
[kworker/3:1]  - 06:00
[kworker/6:2]  - 12:08
[kworker/4:0]  - 12:18
[kworker/1:2]  - 05:00
[kworker/7:1]  - 09:34
[kworker/7:2]  - 05:01
[kworker/5:3]  - 04:58
/opt/google/chrome/chrome  - 00:14
/opt/google/chrome/chrome  - 00:13
[chrome]  - 00:17
[chrome]  - 00:16
[kworker/3:3]  - 08:24
[kworker/5:0]  - 01:38:03
/usr/lib/NetworkManager/nm-dispatcher  - 00:09
[kworker/6:3]  - 10:06
[kworker/0:1]  - 41:32
[kworker/4:3]  - 10:16
[kworker/1:2]  - 04:59
[kworker/2:1]  - 10:19
[kworker/7:1]  - 05:00
/opt/google/chrome/chrome  - 00:16
/opt/google/chrome/chrome  - 00:15
[kworker/3:1]  - 04:59
[kworker/5:0]  - 05:00
[kworker/0:2]  - 15:01
[kworker/1:2]  - 05:01
[kworker/7:1]  - 04:59
[kworker/2:0]  - 10:10
[kworker/6:2]  - 12:26
[kworker/4:0]  - 12:00
/opt/google/chrome/chrome  - 00:15
/opt/google/chrome/chrome  - 00:14
[kworker/u16:2]  - 21:57
[kworker/3:1]  - 05:00
[kworker/5:0]  - 05:00
[kworker/1:2]  - 04:58
[kworker/7:1]  - 05:00
/opt/google/chrome/chrome  - 00:16
/opt/google/chrome/chrome  - 00:15
[kworker/2:1]  - 10:28
[kworker/3:1]  - 04:58
[kworker/u16:1]  - 11:11
[kworker/6:0]  - 01:41:54
[kworker/5:0]  - 04:59
[kworker/4:3]  - 12:44
[kworker/4:0]  - 05:00
[kworker/0:1]  - 15:08
/opt/google/chrome/chrome  - 00:16
/opt/google/chrome/chrome  - 00:14
[kworker/1:2]  - 04:58
[kworker/2:0]  - 10:35
[kworker/3:1]  - 04:59
[kworker/7:1]  - 06:48
[kworker/7:2]  - 04:59
[kworker/5:0]  - 04:59
[kworker/u16:1]  - 05:20
[kworker/4:0]  - 05:02
[kworker/6:1]  - 02:12:13
/opt/google/chrome/chrome  - 00:14
/opt/google/chrome/chrome  - 00:13
[chrome]  - 00:16
[kworker/0:2]  - 15:12
[kworker/3:1]  - 04:58
[kworker/7:1]  - 04:59
[kworker/1:2]  - 07:23
/opt/google/chrome/chrome  - 00:14
/opt/google/chrome/chrome  - 00:12
[kworker/5:0]  - 04:59
[kworker/u16:3]  - 44:56
[kworker/6:0]  - 10:58
[kworker/2:1]  - 14:30
[kworker/1:3]  - 08:32
[kworker/4:3]  - 12:23
[kworker/3:1]  - 05:00
/opt/google/chrome/chrome  - 00:15
/opt/google/chrome/chrome  - 00:14
[kworker/7:1]  - 05:00
[kworker/5:0]  - 04:58
[kworker/4:0]  - 07:47
[kworker/0:1]  - 14:59
[kworker/6:1]  - 
[kworker/u16:1]  - 12:15
[kworker/u16:0]  - 40:52
/opt/google/chrome/chrome  - 00:12
[kworker/1:2]  - 04:59
[chrome]  - 00:15
/opt/google/chrome/chrome  - 00:14
[kworker/2:8]  - 01:22:10
[kworker/3:1]  - 04:58
[kworker/7:1]  - 04:59
[kworker/5:0]  - 05:01
[kworker/0:0]  - 50:47
/opt/google/chrome/chrome  - 00:15
/opt/google/chrome/chrome  - 00:14
[kworker/u16:2]  - 
[kworker/6:0]  - 07:04
[kworker/1:2]  - 05:07
[kworker/1:3]  - 04:59
[kworker/7:1]  - 04:58
[kworker/4:0]  - 08:32
[kworker/3:1]  - 05:21
[kworker/3:3]  - 04:57
[kworker/2:1]  - 10:50
[kworker/5:0]  - 05:00
[kworker/0:1]  - 10:10
/opt/google/chrome/chrome  - 00:14
/opt/google/chrome/chrome  - 00:13
[kworker/u16:0]  - 10:01
[kworker/1:2]  - 04:59
[kworker/4:3]  - 09:34
[kworker/3:1]  - 05:01
/opt/google/chrome/chrome  - 00:15
/opt/google/chrome/chrome  - 00:14
[kworker/6:1]  - 11:43
[kworker/2:2]  - 10:33
[kworker/0:2]  - 25:27
[sublime_text]  - 00:00
tail  - 01:10:58
/opt/sublime_text/sublime_text  - 00:00
[kworker/u16:1]  - 10:01
locate  - 00:00
[compiz]  - 
/usr/lib/firefox/firefox  - 00:21
[kworker/7:1]  - 08:20
[kworker/1:2]  - 05:01
[kworker/5:0]  - 09:03
[kworker/3:1]  - 04:59
[kworker/5:3]  - 05:11
/usr/lib/firefox/firefox  - 00:05
[kworker/4:0]  - 06:15
/opt/google/chrome/chrome  - 00:15
/opt/google/chrome/chrome  - 00:13
[kworker/5:0]  - 05:01
[kworker/4:1]  - 02:24:40
/opt/google/chrome/chrome  - 00:14
/opt/google/chrome/chrome  - 00:12
[chrome]  - 00:15
[sublime_text]  - 00:01
[sublime_text]  - 00:01
[kworker/0:3]  - 01:32:50
[kworker/6:1]  - 10:50
[kworker/6:0]  - 04:58
/usr/lib/firefox/firefox  - 00:09
[kworker/7:1]  - 05:00
[kworker/u16:0]  - 15:51
[kworker/u16:1]  - 10:50
[firefox]  - 00:00
/usr/lib/firefox/firefox  - 00:07
[kworker/1:2]  - 05:39
[kworker/1:3]  - 04:59
/opt/google/chrome/chrome  - 00:14
/opt/google/chrome/chrome  - 00:12
[kworker/3:1]  - 04:59
[chrome]  - 00:15
[kworker/5:0]  - 04:58
tail  - 12:52
[kworker/2:2]  - 13:34
[kworker/4:0]  - 10:22
[kworker/0:1]  - 10:11
eog  - 00:06
[kworker/6:0]  - 06:34
/opt/google/chrome/chrome  - 00:14
[chrome]  - 00:17
[kworker/1:2]  - 05:27
[kworker/1:3]  - 04:57
[kworker/5:0]  - 06:13
[kworker/5:3]  - 04:57
[kworker/2:1]  - 10:13
[kworker/u16:2]  - 13:07
[kworker/4:1]  - 11:04
[kworker/4:0]  - 04:59
[kworker/7:1]  - 09:47
[kworker/3:1]  - 08:12
[kworker/3:3]  - 05:00
[kworker/7:2]  - 05:39
[kworker/6:1]  - 10:10
[kworker/1:2]  - 04:59
/opt/google/chrome/chrome  - 00:26
/opt/google/chrome/chrome  - 00:13
[kworker/5:0]  - 05:01
[kworker/u16:3]  - 44:07
[kworker/2:7]  - 02:00:27
[kworker/0:3]  - 15:19
[kworker/4:0]  - 04:58
/opt/google/chrome/chrome  - 00:13
/opt/google/chrome/chrome  - 00:16
[kworker/3:1]  - 05:01
[kworker/7:1]  - 04:58
[kworker/6:0]  - 10:00
eog  - 00:07
/usr/lib/firefox/firefox  - 00:11
[kworker/5:0]  - 04:57
/opt/google/chrome/chrome  - 00:14
[kworker/u16:0]  - 18:09
/opt/google/chrome/chrome  - 00:30
/opt/google/chrome/chrome  - 00:30
[kworker/2:0]  - 54:34
/opt/google/chrome/chrome  - 01:00
/opt/google/chrome/chrome  - 00:14
/opt/google/chrome/chrome  - 00:13
/usr/lib/firefox/firefox  - 00:03
eog  - 00:07
[kworker/3:1]  - 04:58
[firefox]  - 00:00
[kworker/4:0]  - 06:14
/usr/lib/firefox/firefox  - 00:09
[kworker/1:2]  - 09:05
[kworker/1:3]  - 04:57
/opt/google/chrome/chrome  - 00:18
/opt/google/chrome/chrome  - 00:11
/opt/google/chrome/chrome  - 00:34
/opt/google/chrome/chrome  - 00:33
[chrome]  - 
[chrome]  - 
/opt/google/chrome/chrome  - 00:58
/opt/google/chrome/chrome  - 00:43
/opt/google/chrome/chrome  - 00:44
/opt/google/chrome/chrome  - 00:10
/opt/google/chrome/chrome  - 00:07
/opt/google/chrome/chrome  - 00:14
[kworker/6:1]  - 11:53
/opt/google/chrome/chrome  - 00:12
/opt/google/chrome/chrome  - 00:10
/opt/google/chrome/chrome  - 00:57
/opt/google/chrome/chrome  - 01:00
/opt/google/chrome/chrome  - 00:22
/opt/google/chrome/chrome  - 00:24
[kworker/5:0]  - 05:01
/opt/google/chrome/chrome  - 01:12
[chrome]  - 01:15
/usr/lib/firefox/firefox  - 00:06
[kworker/7:1]  - 08:42
eog  - 00:07
[kworker/u16:2]  - 10:23
[kworker/u16:3]  - 04:59
[kworker/0:2]  - 35:37
[kworker/6:0]  - 06:46
[kworker/2:2]  - 21:40
[kworker/3:1]  - 05:00
[kworker/7:2]  - 06:18
eog  - 00:04
/opt/sublime_text/sublime_text  - 00:00
[kworker/1:2]  - 04:58
/opt/google/chrome/chrome  - 00:15
/opt/google/chrome/chrome  - 00:19
eog  - 00:06
[kworker/4:1]  - 11:26
[kworker/4:0]  - 05:01
eog  - 00:07
[kworker/0:3]  - 15:01
[kworker/3:1]  - 04:59
[kworker/5:0]  - 06:55
[kworker/7:1]  - 05:11
[kworker/7:2]  - 04:58
[kworker/6:0]  - 06:33
[kworker/2:1]  - 22:01
[kworker/1:2]  - 04:59
/opt/google/chrome/chrome  - 00:14
/opt/google/chrome/chrome  - 00:15
[kworker/u16:2]  - 07:29
[kworker/4:0]  - 04:59
[kworker/5:3]  - 07:24
[kworker/0:2]  - 10:02
[kworker/7:1]  - 05:00
[kworker/1:2]  - 04:58
/opt/google/chrome/chrome  - 00:13
/opt/google/chrome/chrome  - 00:15
[kworker/4:0]  - 05:01
[kworker/6:1]  - 11:09
[kworker/2:3]  - 22:50
[kworker/3:1]  - 07:01
[kworker/5:0]  - 04:58
[kworker/3:3]  - 05:51
[kworker/0:3]  - 10:24
[kworker/7:1]  - 04:57
[kworker/u16:3]  - 04:59
[kworker/u16:2]  - 08:53
[kworker/6:0]  - 08:33
/opt/google/chrome/chrome  - 00:15
[kworker/1:2]  - 05:00
/opt/google/chrome/chrome  - 00:26
/opt/google/chrome/chrome  - 00:18
/opt/google/chrome/chrome  - 00:17
[kworker/2:0]  - 22:28
/opt/google/chrome/chrome  - 01:03
/opt/google/chrome/chrome  - 00:46
[kworker/5:0]  - 05:00
/opt/google/chrome/chrome  - 00:48
[kworker/3:1]  - 04:58
[kworker/4:0]  - 07:07
[kworker/0:2]  - 10:01
[kworker/4:1]  - 06:20
[kworker/u16:2]  - 04:59
[kworker/7:1]  - 04:59
[kworker/6:0]  - 05:04
/opt/google/chrome/chrome  - 00:14
/opt/google/chrome/chrome  - 00:38
/opt/google/chrome/chrome  - 00:33
[chrome]  - 00:36
/opt/google/chrome/chrome  - 01:00
[kworker/1:2]  - 05:29
[kworker/1:3]  - 04:59
[kworker/6:1]  - 06:10
[kworker/2:3]  - 09:52
/opt/google/chrome/chrome  - 01:42
/opt/google/chrome/chrome  - 00:18
[kworker/5:0]  - 05:00
[kworker/u16:2]  - 04:59
[kworker/3:1]  - 04:59
[kworker/7:1]  - 04:59
[kworker/7:2]  - 04:59
[kworker/4:0]  - 05:00
[kworker/0:3]  - 10:50
[kworker/2:0]  - 04:58
[kworker/6:0]  - 04:58
[kworker/1:2]  - 05:01
[kworker/1:1]  - 03:42:28
[kworker/0:2]  - 07:33
[kworker/u16:0]  - 36:45
/opt/google/chrome/chrome  - 00:14
[kworker/u16:1]  - 51:58
[kworker/u16:0]  - 10:02
[kworker/u16:2]  - 23:01
[kworker/u16:0]  - 13:01
/opt/google/chrome/chrome  - 00:15
[kworker/u16:0]  - 04:59
/opt/google/chrome/chrome  - 00:16
/opt/google/chrome/chrome  - 00:18
[kworker/u16:1]  - 28:03
/opt/google/chrome/chrome  - 00:13
/opt/google/chrome/chrome  - 03:15:37
/lib/systemd/systemd-udevd  - 00:02
/lib/systemd/systemd-udevd  - 00:03
eog  - 00:18
file-roller  - 00:09
rhythmbox  - 00:19
file-roller  - 00:13
eog  - 00:06
